<?xml version="1.0" encoding="UTF-8"?>
<testsuite xmlns:xsi="http://www.w3.org/2001/XMLSchema-instance" xsi:noNamespaceSchemaLocation="https://maven.apache.org/surefire/maven-surefire-plugin/xsd/surefire-test-report.xsd" name="CourierAuthorizationTest" time="6.168" tests="6" errors="0" skipped="0" failures="0">
  <properties>
[...]
</properties>
  <testcase name="authorizationCourierWithInvalidLoginTest" classname="CourierAuthorizationTest" time="1.155"/>
  <testcase name="positiveAuthorizationTest" classname="CourierAuthorizationTest" time="1.143"/>
  <testcase name="authorizationCourierWithoutPasswordTest" classname="CourierAuthorizationTest" time="1.152"/>
  <testcase name="authorizationCourierWithoutLoginTest" classname="CourierAuthorizationTest" time="1.052"/>
  <testcase name="authorizationCourierWithInvalidPasswordTest" classname="CourierAuthorizationTest" time="0.798"/>
  <testcase name="successfulQueryReturnsIdTest" classname="CourierAuthorizationTest" time="0.834"/>
</testsuite>